This is pdfTeXk, Version 3.1415926-1.40.9 (Web2C 7.5.7) (format=pdflatex 2008.12.28)  30 AUG 2016 13:34
entering extended mode
 file:line:error style messages enabled.
 %&-line parsing enabled.
**exascale.tex
(./exascale.tex
LaTeX2e <2005/12/01>
Babel <v3.8l> and hyphenation patterns for english, usenglishmax, dumylang, noh
yphenation, german-x-2008-06-18, ngerman-x-2008-06-18, ancientgreek, ibycus, ar
abic, basque, bulgarian, catalan, pinyin, coptic, croatian, czech, danish, dutc
h, esperanto, estonian, farsi, finnish, french, galician, german, ngerman, mono
greek, greek, hungarian, icelandic, indonesian, interlingua, irish, italian, la
tin, lithuanian, mongolian, mongolian2a, bokmal, nynorsk, polish, portuguese, r
omanian, russian, sanskrit, serbian, slovak, slovenian, spanish, swedish, turki
sh, ukenglish, ukrainian, uppersorbian, welsh, loaded.
(./svmult.cls
Document Class: svmult 2007/06/25 v5.4 
Springer Verlag global LaTeX document class for multi authored books
Class Springer-SVMult Info: extra/valid Springer sub-package 
(Springer-SVMult)           not found in option list - using "global" style.
(/usr/local/texlive/2008/texmf-dist/tex/latex/base/article.cls
Document Class: article 2005/09/16 v1.4f Standard LaTeX document class
(/usr/local/texlive/2008/texmf-dist/tex/latex/base/size10.clo
File: size10.clo 2005/09/16 v1.4f Standard LaTeX file (size option)
)
\c@part=\count79
\c@section=\count80
\c@subsection=\count81
\c@subsubsection=\count82
\c@paragraph=\count83
\c@subparagraph=\count84
\c@figure=\count85
\c@table=\count86
\abovecaptionskip=\skip41
\belowcaptionskip=\skip42
\bibindent=\dimen102
)
\svparindent=\dimen103
\bibindent=\dimen104
\betweenumberspace=\dimen105
\headlineindent=\dimen106
\minitoc=\write3
\c@minitocdepth=\count87
\c@chapter=\count88
\mottowidth=\dimen107
\svitemindent=\dimen108
\verbatimindent=\dimen109
LaTeX Font Info:    Redeclaring math symbol \Gamma on input line 963.
LaTeX Font Info:    Redeclaring math symbol \Delta on input line 964.
LaTeX Font Info:    Redeclaring math symbol \Theta on input line 965.
LaTeX Font Info:    Redeclaring math symbol \Lambda on input line 966.
LaTeX Font Info:    Redeclaring math symbol \Xi on input line 967.
LaTeX Font Info:    Redeclaring math symbol \Pi on input line 968.
LaTeX Font Info:    Redeclaring math symbol \Sigma on input line 969.
LaTeX Font Info:    Redeclaring math symbol \Upsilon on input line 970.
LaTeX Font Info:    Redeclaring math symbol \Phi on input line 971.
LaTeX Font Info:    Redeclaring math symbol \Psi on input line 972.
LaTeX Font Info:    Redeclaring math symbol \Omega on input line 973.
\tocchpnum=\dimen110
\tocsecnum=\dimen111
\tocsectotal=\dimen112
\tocsubsecnum=\dimen113
\tocsubsectotal=\dimen114
\tocsubsubsecnum=\dimen115
\tocsubsubsectotal=\dimen116
\tocparanum=\dimen117
\tocparatotal=\dimen118
\tocsubparanum=\dimen119
\foot@parindent=\dimen120
\spthmsep=\dimen121
\c@theorem=\count89
\c@case=\count90
\c@conjecture=\count91
\c@corollary=\count92
\c@definition=\count93
\c@example=\count94
\c@exercise=\count95
\c@lemma=\count96
\c@note=\count97
\c@problem=\count98
\c@property=\count99
\c@proposition=\count100
\c@question=\count101
\c@solution=\count102
\c@remark=\count103
\c@prob=\count104
\instindent=\dimen122
\figgap=\dimen123
\bildb@x=\box26
\figcapgap=\dimen124
\tabcapgap=\dimen125
\c@merk=\count105
\c@@inst=\count106
\c@@auth=\count107
\c@auco=\count108
\instindent=\dimen126
\authrun=\box27
\authorrunning=\toks14
\tocauthor=\toks15
\titrun=\box28
\titlerunning=\toks16
\toctitle=\toks17
\c@contribution=\count109
LaTeX Info: Redefining \abstract on input line 2320.
)
(/usr/local/texlive/2008/texmf-dist/tex/latex/graphics/color.sty
Package: color 2005/11/14 v1.0j Standard LaTeX Color (DPC)

(/usr/local/texlive/2008/texmf/tex/latex/config/color.cfg
File: color.cfg 2007/01/18 v1.5 color configuration of teTeX/TeXLive
)
Package color Info: Driver file: pdftex.def on input line 130.

(/usr/local/texlive/2008/texmf-dist/tex/latex/pdftex-def/pdftex.def
File: pdftex.def 2008/09/08 v0.04l Graphics/color for pdfTeX
\Gread@gobject=\count110
))
(/usr/local/texlive/2008/texmf-dist/tex/latex/ltxmisc/framed.sty
Package: framed 2007/10/04 v 0.95: framed or shaded text with page breaks
\fb@frw=\dimen127
\fb@frh=\dimen128
\FrameRule=\dimen129
\FrameSep=\dimen130
)
(/usr/local/texlive/2008/texmf-dist/tex/latex/psnfss/mathptmx.sty
Package: mathptmx 2005/04/12 PSNFSS-v9.2a Times w/ Math, improved (SPQR, WaS) 
LaTeX Font Info:    Redeclaring symbol font `operators' on input line 28.
LaTeX Font Info:    Overwriting symbol font `operators' in version `normal'
(Font)                  OT1/cmr/m/n --> OT1/ztmcm/m/n on input line 28.
LaTeX Font Info:    Overwriting symbol font `operators' in version `bold'
(Font)                  OT1/cmr/bx/n --> OT1/ztmcm/m/n on input line 28.
LaTeX Font Info:    Redeclaring symbol font `letters' on input line 29.
LaTeX Font Info:    Overwriting symbol font `letters' in version `normal'
(Font)                  OML/cmm/m/it --> OML/ztmcm/m/it on input line 29.
LaTeX Font Info:    Overwriting symbol font `letters' in version `bold'
(Font)                  OML/cmm/b/it --> OML/ztmcm/m/it on input line 29.
LaTeX Font Info:    Redeclaring symbol font `symbols' on input line 30.
LaTeX Font Info:    Overwriting symbol font `symbols' in version `normal'
(Font)                  OMS/cmsy/m/n --> OMS/ztmcm/m/n on input line 30.
LaTeX Font Info:    Overwriting symbol font `symbols' in version `bold'
(Font)                  OMS/cmsy/b/n --> OMS/ztmcm/m/n on input line 30.
LaTeX Font Info:    Redeclaring symbol font `largesymbols' on input line 31.
LaTeX Font Info:    Overwriting symbol font `largesymbols' in version `normal'
(Font)                  OMX/cmex/m/n --> OMX/ztmcm/m/n on input line 31.
LaTeX Font Info:    Overwriting symbol font `largesymbols' in version `bold'
(Font)                  OMX/cmex/m/n --> OMX/ztmcm/m/n on input line 31.
\symbold=\mathgroup4
\symitalic=\mathgroup5
LaTeX Font Info:    Redeclaring math alphabet \mathbf on input line 34.
LaTeX Font Info:    Overwriting math alphabet `\mathbf' in version `normal'
(Font)                  OT1/cmr/bx/n --> OT1/ptm/bx/n on input line 34.
LaTeX Font Info:    Overwriting math alphabet `\mathbf' in version `bold'
(Font)                  OT1/cmr/bx/n --> OT1/ptm/bx/n on input line 34.
LaTeX Font Info:    Redeclaring math alphabet \mathit on input line 35.
LaTeX Font Info:    Overwriting math alphabet `\mathit' in version `normal'
(Font)                  OT1/cmr/m/it --> OT1/ptm/m/it on input line 35.
LaTeX Font Info:    Overwriting math alphabet `\mathit' in version `bold'
(Font)                  OT1/cmr/bx/it --> OT1/ptm/m/it on input line 35.
LaTeX Info: Redefining \hbar on input line 50.
)
(/usr/local/texlive/2008/texmf-dist/tex/latex/psnfss/helvet.sty
Package: helvet 2005/04/12 PSNFSS-v9.2a (WaS) 

(/usr/local/texlive/2008/texmf-dist/tex/latex/graphics/keyval.sty
Package: keyval 1999/03/16 v1.13 key=value parser (DPC)
\KV@toks@=\toks18
))
(/usr/local/texlive/2008/texmf-dist/tex/latex/psnfss/courier.sty
Package: courier 2005/04/12 PSNFSS-v9.2a (WaS) 
)
(/usr/local/texlive/2008/texmf-dist/tex/latex/type1cm/type1cm.sty
Package: type1cm 2002/09/05 v0.04 BlueSky/Y&Y Type1 CM font definitions (DPC, p
atched RF)
)
(/usr/local/texlive/2008/texmf-dist/tex/latex/base/makeidx.sty
Package: makeidx 2000/03/29 v1.0m Standard LaTeX package
)
(/usr/local/texlive/2008/texmf-dist/tex/latex/graphics/graphicx.sty
Package: graphicx 1999/02/16 v1.0f Enhanced LaTeX Graphics (DPC,SPQR)

(/usr/local/texlive/2008/texmf-dist/tex/latex/graphics/graphics.sty
Package: graphics 2006/02/20 v1.0o Standard LaTeX Graphics (DPC,SPQR)

(/usr/local/texlive/2008/texmf-dist/tex/latex/graphics/trig.sty
Package: trig 1999/03/16 v1.09 sin cos tan (DPC)
)
(/usr/local/texlive/2008/texmf/tex/latex/config/graphics.cfg
File: graphics.cfg 2007/01/18 v1.5 graphics configuration of teTeX/TeXLive
)
Package graphics Info: Driver file: pdftex.def on input line 90.
)
\Gin@req@height=\dimen131
\Gin@req@width=\dimen132
)
(/usr/local/texlive/2008/texmf-dist/tex/latex/tools/multicol.sty
Package: multicol 2006/05/18 v1.6g multicolumn formatting (FMi)
\c@tracingmulticols=\count111
\mult@box=\box29
\multicol@leftmargin=\dimen133
\c@unbalance=\count112
\c@collectmore=\count113
\doublecol@number=\count114
\multicoltolerance=\count115
\multicolpretolerance=\count116
\full@width=\dimen134
\page@free=\dimen135
\premulticols=\dimen136
\postmulticols=\dimen137
\multicolsep=\skip43
\multicolbaselineskip=\skip44
\partial@page=\box30
\last@line=\box31
\mult@rightbox=\box32
\mult@grightbox=\box33
\mult@gfirstbox=\box34
\mult@firstbox=\box35
\@tempa=\box36
\@tempa=\box37
\@tempa=\box38
\@tempa=\box39
\@tempa=\box40
\@tempa=\box41
\@tempa=\box42
\@tempa=\box43
\@tempa=\box44
\@tempa=\box45
\@tempa=\box46
\@tempa=\box47
\@tempa=\box48
\@tempa=\box49
\@tempa=\box50
\@tempa=\box51
\@tempa=\box52
\c@columnbadness=\count117
\c@finalcolumnbadness=\count118
\last@try=\dimen138
\multicolovershoot=\dimen139
\multicolundershoot=\dimen140
\mult@nat@firstbox=\box53
\colbreak@box=\box54
)
(/usr/local/texlive/2008/texmf-dist/tex/latex/footmisc/footmisc.sty
Package: footmisc 2007/06/12 v5.4a a miscellany of footnote facilities
\FN@temptoken=\toks19
\footnotemargin=\dimen141
\c@pp@next@reset=\count119
Package footmisc Info: Declaring symbol style bringhurst on input line 910.
Package footmisc Info: Declaring symbol style chicago on input line 918.
Package footmisc Info: Declaring symbol style wiley on input line 927.
Package footmisc Info: Declaring symbol style lamport-robust on input line 938.

Package footmisc Info: Declaring symbol style lamport* on input line 958.
Package footmisc Info: Declaring symbol style lamport*-robust on input line 979
.
)
(/usr/local/texlive/2008/texmf-dist/tex/latex/natbib/natbib.sty
Package: natbib 2009/02/02 8.3 (PWD, AO)
\bibhang=\skip45
\bibsep=\skip46
LaTeX Info: Redefining \cite on input line 694.
\c@NAT@ctr=\count120
)
\@indexfile=\write4
\openout4 = `exascale.idx'.


Writing index file exascale.idx
(./exascale.aux

LaTeX Warning: Label `fig:v00' multiply defined.


LaTeX Warning: Label `sec:algorithm' multiply defined.


LaTeX Warning: Label `sec:algorithm' multiply defined.


LaTeX Warning: Label `sec:algorithm' multiply defined.


LaTeX Warning: Label `fig:homme-ys-ne4' multiply defined.

)
\openout1 = `exascale.aux'.

LaTeX Font Info:    Checking defaults for OML/cmm/m/it on input line 43.
LaTeX Font Info:    ... okay on input line 43.
LaTeX Font Info:    Checking defaults for T1/cmr/m/n on input line 43.
LaTeX Font Info:    ... okay on input line 43.
LaTeX Font Info:    Checking defaults for OT1/cmr/m/n on input line 43.
LaTeX Font Info:    ... okay on input line 43.
LaTeX Font Info:    Checking defaults for OMS/cmsy/m/n on input line 43.
LaTeX Font Info:    ... okay on input line 43.
LaTeX Font Info:    Checking defaults for OMX/cmex/m/n on input line 43.
LaTeX Font Info:    ... okay on input line 43.
LaTeX Font Info:    Checking defaults for U/cmr/m/n on input line 43.
LaTeX Font Info:    ... okay on input line 43.
LaTeX Font Info:    Try loading font information for OT1+ptm on input line 43.
 (/usr/local/texlive/2008/texmf-dist/tex/latex/psnfss/ot1ptm.fd
File: ot1ptm.fd 2001/06/04 font definitions for OT1/ptm.
)
(/usr/local/texlive/2008/texmf-dist/tex/context/base/supp-pdf.tex
[Loading MPS to PDF converter (version 2006.09.02).]
\scratchcounter=\count121
\scratchdimen=\dimen142
\scratchbox=\box55
\nofMPsegments=\count122
\nofMParguments=\count123
\everyMPshowfont=\toks20
\MPscratchCnt=\count124
\MPscratchDim=\dimen143
\MPnumerator=\count125
\everyMPtoPDFconversion=\toks21
)
\big@size=\dimen144
LaTeX Font Info:    Font shape `OT1/ptm/bx/n' in size <14> not available
(Font)              Font shape `OT1/ptm/b/n' tried instead on input line 73.


Package mathptmx Warning: There are no bold math fonts on input line 73.

LaTeX Font Info:    Font shape `OT1/ptm/bx/n' in size <16> not available
(Font)              Font shape `OT1/ptm/b/n' tried instead on input line 73.
LaTeX Font Info:    Calculating math sizes for size <8.5> on input line 73.
LaTeX Font Info:    Try loading font information for OT1+ztmcm on input line 73
.
(/usr/local/texlive/2008/texmf-dist/tex/latex/psnfss/ot1ztmcm.fd
File: ot1ztmcm.fd 2000/01/03 Fontinst v1.801 font definitions for OT1/ztmcm.
)
LaTeX Font Info:    Try loading font information for OML+ztmcm on input line 73
.

(/usr/local/texlive/2008/texmf-dist/tex/latex/psnfss/omlztmcm.fd
File: omlztmcm.fd 2000/01/03 Fontinst v1.801 font definitions for OML/ztmcm.
)
LaTeX Font Info:    Try loading font information for OMS+ztmcm on input line 73
.

(/usr/local/texlive/2008/texmf-dist/tex/latex/psnfss/omsztmcm.fd
File: omsztmcm.fd 2000/01/03 Fontinst v1.801 font definitions for OMS/ztmcm.
)
LaTeX Font Info:    Try loading font information for OMX+ztmcm on input line 73
.

(/usr/local/texlive/2008/texmf-dist/tex/latex/psnfss/omxztmcm.fd
File: omxztmcm.fd 2000/01/03 Fontinst v1.801 font definitions for OMX/ztmcm.
)
LaTeX Font Info:    Font shape `OT1/ptm/bx/n' in size <8.5> not available
(Font)              Font shape `OT1/ptm/b/n' tried instead on input line 73.
LaTeX Font Info:    Font shape `OT1/ptm/bx/n' in size <6.29004> not available
(Font)              Font shape `OT1/ptm/b/n' tried instead on input line 73.
LaTeX Font Info:    Font shape `OT1/ptm/bx/n' in size <5.10005> not available
(Font)              Font shape `OT1/ptm/b/n' tried instead on input line 73.
LaTeX Font Info:    Font shape `OT1/ptm/bx/n' in size <10> not available
(Font)              Font shape `OT1/ptm/b/n' tried instead on input line 73.
LaTeX Font Info:    Font shape `OT1/ptm/bx/n' in size <7.4> not available
(Font)              Font shape `OT1/ptm/b/n' tried instead on input line 73.
LaTeX Font Info:    Font shape `OT1/ptm/bx/n' in size <6> not available
(Font)              Font shape `OT1/ptm/b/n' tried instead on input line 73.

Names of authors too long for running head. Please supply
a shorter form with \authorrunning prior to \maketitle
(./method.tex
LaTeX Font Info:    Font shape `OT1/ptm/bx/n' in size <12> not available
(Font)              Font shape `OT1/ptm/b/n' tried instead on input line 1.
) (./algorithm.tex [1



{/usr/local/texlive/2008/texmf-var/fonts/map/pdftex/updmap/pdftex.map}] (./homm
e-alg.tex
LaTeX Font Info:    Font shape `OT1/ptm/bx/it' in size <12> not available
(Font)              Font shape `OT1/ptm/b/it' tried instead on input line 1.

Overfull \hbox (2.50899pt too wide) in paragraph at lines 3--7
\OT1/ptm/m/n/10 The Na-tional Cen-ter for At-mo-spheric Re-search's Com-mu-nity
 Cli-mate Sys-tem Model
 []

LaTeX Font Info:    Try loading font information for OMS+ptm on input line 14.
(/usr/local/texlive/2008/texmf-dist/tex/latex/psnfss/omsptm.fd
File: omsptm.fd 
)
LaTeX Font Info:    Font shape `OMS/ptm/m/n' in size <10> not available
(Font)              Font shape `OMS/cmsy/m/n' tried instead on input line 14.
 [2]

LaTeX Warning: Reference `sec:homie-results' on page 3 undefined on input line 
26.

[3] <figures/HOMME-v00.png, id=15, 614.295pt x 794.97pt>
File: figures/HOMME-v00.png Graphic file (type png)

<use figures/HOMME-v00.png>
Overfull \hbox (8.53583pt too wide) in paragraph at lines 42--43
 [] 
 []

LaTeX Font Info:    Try loading font information for OT1+pcr on input line 53.
(/usr/local/texlive/2008/texmf-dist/tex/latex/psnfss/ot1pcr.fd
File: ot1pcr.fd 2001/06/04 font definitions for OT1/pcr.
)
Overfull \hbox (45.10277pt too wide) in paragraph at lines 66--66
 []    \OT1/pcr/m/n/10 hybrid_region = config_thread_region(hybrid, region_type
)[] 
 []


Overfull \hbox (51.10277pt too wide) in paragraph at lines 66--66
 []      \OT1/pcr/m/n/10 call get_loop_ranges (hybrid_region, loop_beg, loop_en
d)[] 
 []

Missing character: There is no Ä in font ptmr7t!
Missing character: There is no ú in font ptmr7t!
Missing character: There is no Ä in font ptmr7t!
Missing character: There is no ù in font ptmr7t!
[4] [5 <./figures/HOMME-v00.png (PNG copy)>]
Missing character: There is no ‚ in font pcrr7t!
Missing character: There is no Ä in font pcrr7t!
Missing character: There is no ¶ in font pcrr7t!
) [6]

Package natbib Warning: Citation `mozart' on page 7 undefined on input line 21.



LaTeX Warning: Reference `fig:chef-code' on page 7 undefined on input line 25.


LaTeX Warning: Reference `sec:chem-results' on page 7 undefined on input line 2
5.

) (./program.tex) (./software.tex (./pycect.tex [7] [8] [9] [10]
Missing character: There is no ‚ in font ptmr7t!
Missing character: There is no Ä in font ptmr7t!
Missing character: There is no ô in font ptmr7t!
 [11])
(./kgen.tex <figures/kgen_workflow.pdf, id=43, 837.1275pt x 301.125pt>
File: figures/kgen_workflow.pdf Graphic file (type pdf)

<use figures/kgen_workflow.pdf>
Overfull \hbox (8.53583pt too wide) in paragraph at lines 11--12
 [] 
 []

[12]
Missing character: There is no ø in font ptmr7t!
Missing character: There is no ø in font ptmr7t!
 [13 <./figures/kgen_workflow.pdf>]
Missing character: There is no ø in font ptmr7t!
Missing character: There is no ø in font ptmr7t!
)) (./bench.tex (./platform.tex
Missing character: There is no ¬ in font ptmr7t!
Missing character: There is no Æ in font ptmr7t!
Missing character: There is no ¬ in font ptmr7t!
Missing character: There is no Æ in font ptmr7t!

Overfull \hbox (22.91pt too wide) in paragraph at lines 8--9
[]\OT1/ptm/m/n/10 Software Stack: impi/5.1.3.210, cray-mpich/7.4.0, in-tel/17.0
.0.042, cray-netcdf/4.3.3.1 
 []

Missing character: There is no ¬ in font ptmr7t!
Missing character: There is no Æ in font ptmr7t!
Missing character: There is no ‚ in font ptmr7t!
Missing character: There is no Ñ in font ptmr7t!
Missing character: There is no ¢ in font ptmr7t!

Overfull \hbox (20.15051pt too wide) in paragraph at lines 14--16
[]\OT1/ptm/m/n/10 Hardware: In-tel Xeon Phi pro-ces-sor 7250 68 Cores/Node, 1.4
GHz, 272 Threads/Node,
 []


Overfull \hbox (7.09004pt too wide) in paragraph at lines 17--18
[]\OT1/ptm/m/n/10 Software Stack: impi/5.1.3.210, nu-mactl/2.0.11, in-tel/17.0.
0.042, cray-netcdf/4.3.2 
 []

(./platforms.tex
Overfull \hbox (10.7101pt too wide) in paragraph at lines 3--30
 [] 
 []

)) (./homme.tex

Package natbib Warning: Citation `waccm' on page 14 undefined on input line 3.


Package natbib Warning: Citation `asd' on page 14 undefined on input line 3.

[14] [15]
Missing character: There is no ¬ in font ptmr7t!
Missing character: There is no º in font ptmr7t!
Missing character: There is no ¬ in font ptmr7t!
Missing character: There is no º in font ptmr7t!


LaTeX Warning: No positions in optional float specifier.
               Default added (so using `htbp') on input line 24.

<figures/homme-ys-ne4-cam.pdf, id=69, 578.16pt x 433.62pt>
File: figures/homme-ys-ne4-cam.pdf Graphic file (type pdf)

<use figures/homme-ys-ne4-cam.pdf>
Overfull \hbox (8.53583pt too wide) in paragraph at lines 26--27
 [] 
 []

Missing character: There is no ¬ in font ptmr7t!
Missing character: There is no º in font ptmr7t!

LaTeX Warning: No positions in optional float specifier.
               Default added (so using `htbp') on input line 36.

<figures/homme-ys-ne4-waccm.pdf, id=70, 578.16pt x 433.62pt>
File: figures/homme-ys-ne4-waccm.pdf Graphic file (type pdf)

<use figures/homme-ys-ne4-waccm.pdf>
Overfull \hbox (8.53583pt too wide) in paragraph at lines 38--39
 [] 
 []


LaTeX Warning: No positions in optional float specifier.
               Default added (so using `htbp') on input line 46.

<figures/homme-ys-ne30-waccm.pdf, id=71, 578.16pt x 433.62pt>
File: figures/homme-ys-ne30-waccm.pdf Graphic file (type pdf)

<use figures/homme-ys-ne30-waccm.pdf>
Overfull \hbox (8.53583pt too wide) in paragraph at lines 48--49
 [] 
 []

[16]

LaTeX Warning: No positions in optional float specifier.
               Default added (so using `htbp') on input line 57.

<figures/homme-knl-waccm.pdf, id=75, 578.16pt x 433.62pt>
File: figures/homme-knl-waccm.pdf Graphic file (type pdf)

<use figures/homme-knl-waccm.pdf>
Overfull \hbox (8.53583pt too wide) in paragraph at lines 59--60
 [] 
 []

) (./chempreproc.tex [17 <./figures/homme-ys-ne4-cam.pdf>] [18 <./figures/homme
-ys-ne4-waccm.pdf>] [19 <./figures/homme-ys-ne30-waccm.pdf>] [20 <./figures/hom
me-knl-waccm.pdf>] (./chem-timing2.tex)
<figures/PAPI_VEC_DP.png, id=263, 578.16pt x 433.62pt>
File: figures/PAPI_VEC_DP.png Graphic file (type png)

<use figures/PAPI_VEC_DP.png>
Overfull \hbox (8.53583pt too wide) in paragraph at lines 25--26
 [] 
 []

<figures/PAPI_L3_TCM.png, id=265, 578.16pt x 433.62pt>
File: figures/PAPI_L3_TCM.png Graphic file (type png)

<use figures/PAPI_L3_TCM.png>
Overfull \hbox (8.53583pt too wide) in paragraph at lines 35--36
 [] 
 []

[21] <figures/chem-snb.pdf, id=269, 590.80722pt x 446.26726pt>
File: figures/chem-snb.pdf Graphic file (type pdf)

<use figures/chem-snb.pdf>
Overfull \hbox (8.53583pt too wide) in paragraph at lines 46--47
 [] 
 []

<figures/chem-hsw.pdf, id=270, 590.80722pt x 446.26726pt>
File: figures/chem-hsw.pdf Graphic file (type pdf)

<use figures/chem-hsw.pdf>
Overfull \hbox (8.53583pt too wide) in paragraph at lines 54--55
 [] 
 []

<figures/chem-knl.pdf, id=271, 590.80722pt x 446.26726pt>
File: figures/chem-knl.pdf Graphic file (type pdf)

<use figures/chem-knl.pdf>
Overfull \hbox (8.53583pt too wide) in paragraph at lines 62--63
 [] 
 []

) (./other.tex [22 <./figures/PAPI_VEC_DP.png>] [23 <./figures/PAPI_L3_TCM.png>
])) (./postproc.tex [24 <./figures/chem-snb.pdf>] [25 <./figures/chem-hsw.pdf>]
[26 <./figures/chem-knl.pdf>]
Overfull \hbox (3.27948pt too wide) in paragraph at lines 17--19
\OT1/ptm/m/n/10 form, lo-cated at the NCAR-Wyoming Su-per-com-put-ing Cen-ter (
NWSC) in Cheyenne,
 []

) [27] (./exascale.bbl)

Package natbib Warning: There were undefined citations.

[28] (./exascale.aux)

LaTeX Warning: There were undefined references.


LaTeX Warning: There were multiply-defined labels.

 ) 
Here is how much of TeX's memory you used:
 2524 strings out of 493876
 33696 string characters out of 1150567
 102758 words of memory out of 3000000
 5708 multiletter control sequences out of 10000+50000
 38160 words of font info for 78 fonts, out of 3000000 for 5000
 714 hyphenation exceptions out of 8191
 29i,8n,32p,2066b,262s stack positions out of 5000i,500n,10000p,200000b,50000s
{/usr/local/texlive/2008/texmf-dist/fonts/enc/dvips/base/8r.enc}</usr/local/t
exlive/2008/texmf-dist/fonts/type1/bluesky/cm/cmmi10.pfb></usr/local/texlive/20
08/texmf-dist/fonts/type1/bluesky/cm/cmsy10.pfb></usr/local/texlive/2008/texmf-
dist/fonts/type1/urw/courier/ucrr8a.pfb></usr/local/texlive/2008/texmf-dist/fon
ts/type1/urw/times/utmb8a.pfb></usr/local/texlive/2008/texmf-dist/fonts/type1/u
rw/times/utmbi8a.pfb></usr/local/texlive/2008/texmf-dist/fonts/type1/urw/times/
utmr8a.pfb></usr/local/texlive/2008/texmf-dist/fonts/type1/urw/times/utmri8a.pf
b>
Output written on exascale.pdf (28 pages, 638056 bytes).
PDF statistics:
 463 PDF objects out of 1000 (max. 8388607)
 0 named destinations out of 1000 (max. 131072)
 56 words of extra memory for PDF output out of 10000 (max. 10000000)

